INFO 2019-01-19 12:22:31,292 duration reading sensors: 0.966
INFO 2019-01-19 12:22:31,293 reading temp: 17.812°C
INFO 2019-01-19 12:22:31,294 reading hummidity 21%
INFO 2019-01-19 12:22:31,294 prepare transaction
INFO 2019-01-19 12:22:31,303 duration prepare transactions: 0.007
INFO 2019-01-19 12:22:31,303 send transfer
INFO 2019-01-19 12:22:59,297 Duration send transfer: 27.993
INFO 2019-01-19 12:22:59,298 Duration of sequence: 28.972
INFO 2019-01-19 12:34:24,034 duration reading sensors: 1.415
INFO 2019-01-19 12:34:24,037 reading temp: 17.875°C
INFO 2019-01-19 12:34:24,037 reading hummidity 21%
INFO 2019-01-19 12:34:24,038 prepare transaction
INFO 2019-01-19 12:34:24,046 duration prepare transactions: 0.008
INFO 2019-01-19 12:34:24,047 send transfer
INFO 2019-01-19 12:34:41,872 Duration send transfer: 17.823
INFO 2019-01-19 12:34:41,872 Duration of sequence: 19.252
INFO 2019-01-19 12:51:33,242 duration reading sensors: 0.954
INFO 2019-01-19 12:51:33,243 reading temp: 18.125°C
INFO 2019-01-19 12:51:33,243 reading hummidity 20%
INFO 2019-01-19 12:51:33,244 prepare transaction
INFO 2019-01-19 12:51:33,248 duration prepare transactions: 0.003
INFO 2019-01-19 12:51:33,248 send transfer
INFO 2019-01-19 12:51:57,191 Duration send transfer: 23.942
INFO 2019-01-19 12:51:57,192 Duration of sequence: 24.903
INFO 2019-01-19 13:06:33,766 duration reading sensors: 1.38
INFO 2019-01-19 13:06:33,767 reading temp: 18.562°C
INFO 2019-01-19 13:06:33,767 reading hummidity 21%
INFO 2019-01-19 13:06:33,768 prepare transaction
INFO 2019-01-19 13:06:33,772 duration prepare transactions: 0.003
INFO 2019-01-19 13:06:33,773 send transfer
INFO 2019-01-19 13:06:46,838 Duration send transfer: 13.064
INFO 2019-01-19 13:06:46,838 Duration of sequence: 14.452
INFO 2019-01-19 13:21:33,482 duration reading sensors: 0.995
INFO 2019-01-19 13:21:33,483 reading temp: 18.875°C
INFO 2019-01-19 13:21:33,483 reading hummidity 21%
INFO 2019-01-19 13:21:33,484 prepare transaction
INFO 2019-01-19 13:21:33,488 duration prepare transactions: 0.003
INFO 2019-01-19 13:21:33,488 send transfer
INFO 2019-01-19 13:21:47,006 Duration send transfer: 13.517
INFO 2019-01-19 13:21:47,007 Duration of sequence: 14.519
INFO 2019-01-19 13:36:33,562 duration reading sensors: 0.974
INFO 2019-01-19 13:36:33,563 reading temp: 19.125°C
INFO 2019-01-19 13:36:33,563 reading hummidity 41%
INFO 2019-01-19 13:36:33,564 prepare transaction
INFO 2019-01-19 13:36:33,568 duration prepare transactions: 0.003
INFO 2019-01-19 13:36:33,568 send transfer
INFO 2019-01-19 13:36:56,856 Duration send transfer: 23.287
INFO 2019-01-19 13:36:56,857 Duration of sequence: 24.268
INFO 2019-01-19 13:51:33,642 duration reading sensors: 0.953
INFO 2019-01-19 13:51:33,643 reading temp: 19.312°C
INFO 2019-01-19 13:51:33,643 reading hummidity 38%
INFO 2019-01-19 13:51:33,644 prepare transaction
INFO 2019-01-19 13:51:33,648 duration prepare transactions: 0.003
INFO 2019-01-19 13:51:33,648 send transfer
INFO 2019-01-19 13:51:46,950 Duration send transfer: 13.301
INFO 2019-01-19 13:51:46,951 Duration of sequence: 14.261
INFO 2019-01-19 14:06:33,802 duration reading sensors: 1.008
INFO 2019-01-19 14:06:33,803 reading temp: 19.5°C
INFO 2019-01-19 14:06:33,803 reading hummidity 41%
INFO 2019-01-19 14:06:33,804 prepare transaction
INFO 2019-01-19 14:06:33,808 duration prepare transactions: 0.003
INFO 2019-01-19 14:06:33,808 send transfer
INFO 2019-01-19 14:06:49,883 Duration send transfer: 16.074
INFO 2019-01-19 14:06:49,884 Duration of sequence: 17.089
INFO 2019-01-19 14:21:33,882 duration reading sensors: 0.987
INFO 2019-01-19 14:21:33,883 reading temp: 19.625°C
INFO 2019-01-19 14:21:33,883 reading hummidity 38%
INFO 2019-01-19 14:21:33,884 prepare transaction
INFO 2019-01-19 14:21:33,888 duration prepare transactions: 0.003
INFO 2019-01-19 14:21:33,888 send transfer
INFO 2019-01-19 14:21:48,121 Duration send transfer: 14.232
INFO 2019-01-19 14:21:48,121 Duration of sequence: 15.226
INFO 2019-01-19 14:36:33,882 duration reading sensors: 0.97
INFO 2019-01-19 14:36:33,883 reading temp: 19.5°C
INFO 2019-01-19 14:36:33,884 reading hummidity 38%
INFO 2019-01-19 14:36:33,884 prepare transaction
INFO 2019-01-19 14:36:33,888 duration prepare transactions: 0.003
INFO 2019-01-19 14:36:33,889 send transfer
INFO 2019-01-19 14:36:57,084 Duration send transfer: 23.195
INFO 2019-01-19 14:36:57,085 Duration of sequence: 24.172
INFO 2019-01-19 14:51:33,962 duration reading sensors: 0.948
INFO 2019-01-19 14:51:33,963 reading temp: 19.75°C
INFO 2019-01-19 14:51:33,963 reading hummidity 33%
INFO 2019-01-19 14:51:33,964 prepare transaction
INFO 2019-01-19 14:51:33,968 duration prepare transactions: 0.003
INFO 2019-01-19 14:51:33,969 send transfer
INFO 2019-01-19 14:51:49,613 Duration send transfer: 15.644
INFO 2019-01-19 14:51:49,614 Duration of sequence: 16.6
INFO 2019-01-19 15:06:34,122 duration reading sensors: 1.007
INFO 2019-01-19 15:06:34,123 reading temp: 19.875°C
INFO 2019-01-19 15:06:34,123 reading hummidity 36%
INFO 2019-01-19 15:06:34,124 prepare transaction
INFO 2019-01-19 15:06:34,128 duration prepare transactions: 0.003
INFO 2019-01-19 15:06:34,128 send transfer
INFO 2019-01-19 15:06:47,323 Duration send transfer: 13.195
INFO 2019-01-19 15:06:47,324 Duration of sequence: 14.209
INFO 2019-01-19 15:21:34,202 duration reading sensors: 0.986
INFO 2019-01-19 15:21:34,203 reading temp: 20.0°C
INFO 2019-01-19 15:21:34,203 reading hummidity 31%
INFO 2019-01-19 15:21:34,204 prepare transaction
INFO 2019-01-19 15:21:34,208 duration prepare transactions: 0.003
INFO 2019-01-19 15:21:34,208 send transfer
INFO 2019-01-19 15:21:50,281 Duration send transfer: 16.072
INFO 2019-01-19 15:21:50,281 Duration of sequence: 17.065
INFO 2019-01-19 15:36:34,425 duration reading sensors: 1.149
INFO 2019-01-19 15:36:34,426 reading temp: 19.312°C
INFO 2019-01-19 15:36:34,426 reading hummidity 23%
INFO 2019-01-19 15:36:34,427 prepare transaction
INFO 2019-01-19 15:36:34,431 duration prepare transactions: 0.003
INFO 2019-01-19 15:36:34,431 send transfer
INFO 2019-01-19 15:36:50,284 Duration send transfer: 15.852
INFO 2019-01-19 15:36:50,285 Duration of sequence: 17.009
INFO 2019-01-19 15:51:34,361 duration reading sensors: 0.985
INFO 2019-01-19 15:51:34,362 reading temp: 18.625°C
INFO 2019-01-19 15:51:34,363 reading hummidity 20%
INFO 2019-01-19 15:51:34,363 prepare transaction
INFO 2019-01-19 15:51:34,367 duration prepare transactions: 0.003
INFO 2019-01-19 15:51:34,368 send transfer
INFO 2019-01-19 15:51:52,976 Duration send transfer: 18.607
INFO 2019-01-19 15:51:52,976 Duration of sequence: 19.599
INFO 2019-01-19 16:06:34,442 duration reading sensors: 0.964
INFO 2019-01-19 16:06:34,443 reading temp: 18.5°C
INFO 2019-01-19 16:06:34,443 reading hummidity 27%
INFO 2019-01-19 16:06:34,444 prepare transaction
INFO 2019-01-19 16:06:34,448 duration prepare transactions: 0.003
INFO 2019-01-19 16:06:34,448 send transfer
INFO 2019-01-19 16:06:49,743 Duration send transfer: 15.294
INFO 2019-01-19 16:06:49,744 Duration of sequence: 16.265
INFO 2019-01-19 16:21:34,522 duration reading sensors: 0.943
INFO 2019-01-19 16:21:34,523 reading temp: 18.375°C
INFO 2019-01-19 16:21:34,523 reading hummidity 25%
INFO 2019-01-19 16:21:34,524 prepare transaction
INFO 2019-01-19 16:21:34,528 duration prepare transactions: 0.003
INFO 2019-01-19 16:21:34,528 send transfer
INFO 2019-01-19 16:21:49,658 Duration send transfer: 15.13
INFO 2019-01-19 16:21:49,659 Duration of sequence: 16.079
INFO 2019-01-19 16:36:34,682 duration reading sensors: 1.001
INFO 2019-01-19 16:36:34,683 reading temp: 18.312°C
INFO 2019-01-19 16:36:34,683 reading hummidity 32%
INFO 2019-01-19 16:36:34,684 prepare transaction
INFO 2019-01-19 16:36:34,688 duration prepare transactions: 0.003
INFO 2019-01-19 16:36:34,689 send transfer
INFO 2019-01-19 16:36:52,283 Duration send transfer: 17.594
INFO 2019-01-19 16:36:52,284 Duration of sequence: 18.603
INFO 2019-01-19 16:51:34,762 duration reading sensors: 0.98
INFO 2019-01-19 16:51:34,763 reading temp: 18.25°C
INFO 2019-01-19 16:51:34,763 reading hummidity 25%
INFO 2019-01-19 16:51:34,764 prepare transaction
INFO 2019-01-19 16:51:34,768 duration prepare transactions: 0.003
INFO 2019-01-19 16:51:34,768 send transfer
INFO 2019-01-19 16:51:48,121 Duration send transfer: 13.353
INFO 2019-01-19 16:51:48,122 Duration of sequence: 14.34
INFO 2019-01-19 17:06:34,842 duration reading sensors: 0.959
INFO 2019-01-19 17:06:34,842 reading temp: 18.0°C
INFO 2019-01-19 17:06:34,843 reading hummidity 25%
INFO 2019-01-19 17:06:34,844 prepare transaction
INFO 2019-01-19 17:06:34,847 duration prepare transactions: 0.003
INFO 2019-01-19 17:06:34,848 send transfer
INFO 2019-01-19 17:06:49,017 Duration send transfer: 14.169
INFO 2019-01-19 17:06:49,018 Duration of sequence: 15.135
INFO 2019-01-19 17:21:34,922 duration reading sensors: 0.938
INFO 2019-01-19 17:21:34,922 reading temp: 17.562°C
INFO 2019-01-19 17:21:34,923 reading hummidity 22%
INFO 2019-01-19 17:21:34,924 prepare transaction
INFO 2019-01-19 17:21:34,928 duration prepare transactions: 0.003
INFO 2019-01-19 17:21:34,928 send transfer
INFO 2019-01-19 17:21:53,087 Duration send transfer: 18.158
INFO 2019-01-19 17:21:53,087 Duration of sequence: 19.103
INFO 2019-01-19 17:36:35,081 duration reading sensors: 0.996
INFO 2019-01-19 17:36:35,082 reading temp: 17.75°C
INFO 2019-01-19 17:36:35,083 reading hummidity 22%
INFO 2019-01-19 17:36:35,083 prepare transaction
INFO 2019-01-19 17:36:35,087 duration prepare transactions: 0.003
INFO 2019-01-19 17:36:35,088 send transfer
INFO 2019-01-19 17:36:48,381 Duration send transfer: 13.293
INFO 2019-01-19 17:36:48,382 Duration of sequence: 14.296
INFO 2019-01-19 17:50:41,052 duration reading sensors: 1.212
INFO 2019-01-19 17:50:41,054 reading temp: 18.125°C
INFO 2019-01-19 17:50:41,055 reading hummidity 21%
INFO 2019-01-19 17:50:41,055 prepare transaction
INFO 2019-01-19 17:50:41,060 duration prepare transactions: 0.004
INFO 2019-01-19 17:50:41,060 send transfer
INFO 2019-01-19 17:50:58,883 Duration send transfer: 17.823
INFO 2019-01-19 17:50:58,884 Duration of sequence: 19.043
INFO 2019-01-19 18:07:49,867 duration reading sensors: 0.976
INFO 2019-01-19 18:07:49,868 reading temp: 18.5°C
INFO 2019-01-19 18:07:49,868 reading hummidity 20%
INFO 2019-01-19 18:07:49,869 prepare transaction
INFO 2019-01-19 18:07:49,873 duration prepare transactions: 0.003
INFO 2019-01-19 18:07:49,874 send transfer
INFO 2019-01-19 18:08:09,824 Duration send transfer: 19.95
INFO 2019-01-19 18:08:09,824 Duration of sequence: 20.933
INFO 2019-01-19 18:22:49,948 duration reading sensors: 0.957
INFO 2019-01-19 18:22:49,948 reading temp: 18.625°C
INFO 2019-01-19 18:22:49,949 reading hummidity 23%
INFO 2019-01-19 18:22:49,950 prepare transaction
INFO 2019-01-19 18:22:49,953 duration prepare transactions: 0.003
INFO 2019-01-19 18:22:49,954 send transfer
INFO 2019-01-19 18:23:03,759 Duration send transfer: 13.805
INFO 2019-01-19 18:23:03,760 Duration of sequence: 14.768
INFO 2019-01-19 18:37:50,328 duration reading sensors: 1.236
INFO 2019-01-19 18:37:50,329 reading temp: 18.687°C
INFO 2019-01-19 18:37:50,330 reading hummidity 35%
INFO 2019-01-19 18:37:50,330 prepare transaction
INFO 2019-01-19 18:37:50,334 duration prepare transactions: 0.003
INFO 2019-01-19 18:37:50,335 send transfer
INFO 2019-01-19 18:38:05,887 Duration send transfer: 15.551
INFO 2019-01-19 18:38:05,887 Duration of sequence: 16.794
INFO 2019-01-19 18:52:50,187 duration reading sensors: 0.994
INFO 2019-01-19 18:52:50,188 reading temp: 18.812°C
INFO 2019-01-19 18:52:50,188 reading hummidity 21%
INFO 2019-01-19 18:52:50,189 prepare transaction
INFO 2019-01-19 18:52:50,193 duration prepare transactions: 0.003
INFO 2019-01-19 18:52:50,193 send transfer
INFO 2019-01-19 18:53:03,479 Duration send transfer: 13.285
INFO 2019-01-19 18:53:03,480 Duration of sequence: 14.286
INFO 2019-01-19 19:07:50,267 duration reading sensors: 0.972
INFO 2019-01-19 19:07:50,268 reading temp: 18.875°C
INFO 2019-01-19 19:07:50,268 reading hummidity 32%
INFO 2019-01-19 19:07:50,269 prepare transaction
INFO 2019-01-19 19:07:50,273 duration prepare transactions: 0.003
INFO 2019-01-19 19:07:50,273 send transfer
INFO 2019-01-19 19:08:10,810 Duration send transfer: 20.536
INFO 2019-01-19 19:08:10,811 Duration of sequence: 21.515
INFO 2019-01-19 19:22:50,789 duration reading sensors: 1.393
INFO 2019-01-19 19:22:50,790 reading temp: 19.0°C
INFO 2019-01-19 19:22:50,790 reading hummidity 21%
INFO 2019-01-19 19:22:50,791 prepare transaction
INFO 2019-01-19 19:22:50,795 duration prepare transactions: 0.003
INFO 2019-01-19 19:22:50,795 send transfer
INFO 2019-01-19 19:23:05,049 Duration send transfer: 14.253
INFO 2019-01-19 19:23:05,049 Duration of sequence: 15.653
INFO 2019-01-19 19:37:50,507 duration reading sensors: 1.01
INFO 2019-01-19 19:37:50,508 reading temp: 19.062°C
INFO 2019-01-19 19:37:50,509 reading hummidity 19%
INFO 2019-01-19 19:37:50,509 prepare transaction
INFO 2019-01-19 19:37:50,513 duration prepare transactions: 0.003
INFO 2019-01-19 19:37:50,514 send transfer
INFO 2019-01-19 19:38:10,185 Duration send transfer: 19.67
INFO 2019-01-19 19:38:10,185 Duration of sequence: 20.688
INFO 2019-01-19 19:52:50,507 duration reading sensors: 0.946
INFO 2019-01-19 19:52:50,508 reading temp: 19.125°C
INFO 2019-01-19 19:52:50,509 reading hummidity 33%
INFO 2019-01-19 19:52:50,509 prepare transaction
INFO 2019-01-19 19:52:50,513 duration prepare transactions: 0.003
INFO 2019-01-19 19:52:50,514 send transfer
INFO 2019-01-19 19:53:08,192 Duration send transfer: 17.678
INFO 2019-01-19 19:53:08,193 Duration of sequence: 18.631
INFO 2019-01-19 20:07:50,667 duration reading sensors: 1.011
INFO 2019-01-19 20:07:50,668 reading temp: 19.187°C
INFO 2019-01-19 20:07:50,668 reading hummidity 33%
INFO 2019-01-19 20:07:50,669 prepare transaction
INFO 2019-01-19 20:07:50,673 duration prepare transactions: 0.003
INFO 2019-01-19 20:07:50,673 send transfer
INFO 2019-01-19 20:08:04,592 Duration send transfer: 13.918
INFO 2019-01-19 20:08:04,593 Duration of sequence: 14.936
INFO 2019-01-19 20:22:50,747 duration reading sensors: 0.99
INFO 2019-01-19 20:22:50,748 reading temp: 19.187°C
INFO 2019-01-19 20:22:50,748 reading hummidity 33%
INFO 2019-01-19 20:22:50,749 prepare transaction
INFO 2019-01-19 20:22:50,753 duration prepare transactions: 0.003
INFO 2019-01-19 20:22:50,753 send transfer
INFO 2019-01-19 20:23:03,843 Duration send transfer: 13.089
INFO 2019-01-19 20:23:03,844 Duration of sequence: 14.087
INFO 2019-01-19 20:17:13,812 duration reading sensors: 0.963
INFO 2019-01-19 20:17:13,814 reading temp: 22.625°C
INFO 2019-01-19 20:17:13,815 reading hummidity 36%
INFO 2019-01-19 20:17:13,815 prepare transaction
INFO 2019-01-19 20:17:13,820 duration prepare transactions: 0.004
INFO 2019-01-19 20:17:13,820 send transfer
INFO 2019-01-19 20:17:37,721 Duration send transfer: 23.9
INFO 2019-01-19 20:17:37,722 Duration of sequence: 24.872
INFO 2019-01-19 20:38:36,788 duration reading sensors: 1.39
INFO 2019-01-19 20:38:36,790 reading temp: 85.0°C
INFO 2019-01-19 20:38:36,791 reading hummidity 20%
INFO 2019-01-19 20:38:36,791 prepare transaction
INFO 2019-01-19 20:38:36,795 duration prepare transactions: 0.004
INFO 2019-01-19 20:38:36,796 send transfer
INFO 2019-01-19 20:38:55,225 Duration send transfer: 18.429
INFO 2019-01-19 20:38:55,225 Duration of sequence: 19.826
INFO 2019-01-19 20:56:48,284 duration reading sensors: 1.01
INFO 2019-01-19 20:56:48,285 reading temp: 19.375°C
INFO 2019-01-19 20:56:48,286 reading hummidity 19%
INFO 2019-01-19 20:56:48,286 prepare transaction
INFO 2019-01-19 20:56:48,290 duration prepare transactions: 0.003
INFO 2019-01-19 20:56:48,291 send transfer
INFO 2019-01-19 20:57:11,132 Duration send transfer: 22.841
INFO 2019-01-19 20:57:11,133 Duration of sequence: 23.858
INFO 2019-01-19 21:11:48,586 duration reading sensors: 1.21
INFO 2019-01-19 21:11:48,587 reading temp: 19.375°C
INFO 2019-01-19 21:11:48,587 reading hummidity 36%
INFO 2019-01-19 21:11:48,588 prepare transaction
INFO 2019-01-19 21:11:48,592 duration prepare transactions: 0.003
INFO 2019-01-19 21:11:48,592 send transfer
INFO 2019-01-19 21:12:04,102 Duration send transfer: 15.509
INFO 2019-01-19 21:12:04,102 Duration of sequence: 16.726
INFO 2019-01-19 21:26:48,887 duration reading sensors: 1.411
INFO 2019-01-19 21:26:48,888 reading temp: 19.437°C
INFO 2019-01-19 21:26:48,889 reading hummidity 20%
INFO 2019-01-19 21:26:48,889 prepare transaction
INFO 2019-01-19 21:26:48,893 duration prepare transactions: 0.003
INFO 2019-01-19 21:26:48,894 send transfer
INFO 2019-01-19 21:27:07,961 Duration send transfer: 19.066
INFO 2019-01-19 21:27:07,962 Duration of sequence: 20.484
INFO 2019-01-19 21:41:48,524 duration reading sensors: 0.946
INFO 2019-01-19 21:41:48,525 reading temp: 19.375°C
INFO 2019-01-19 21:41:48,526 reading hummidity 20%
INFO 2019-01-19 21:41:48,526 prepare transaction
INFO 2019-01-19 21:41:48,530 duration prepare transactions: 0.003
INFO 2019-01-19 21:41:48,531 send transfer
INFO 2019-01-19 21:42:04,726 Duration send transfer: 16.195
INFO 2019-01-19 21:42:04,726 Duration of sequence: 17.148
INFO 2019-01-19 21:56:48,684 duration reading sensors: 1.006
INFO 2019-01-19 21:56:48,685 reading temp: 19.437°C
INFO 2019-01-19 21:56:48,686 reading hummidity 35%
INFO 2019-01-19 21:56:48,686 prepare transaction
INFO 2019-01-19 21:56:48,690 duration prepare transactions: 0.003
INFO 2019-01-19 21:56:48,691 send transfer
INFO 2019-01-19 21:57:04,387 Duration send transfer: 15.695
INFO 2019-01-19 21:57:04,387 Duration of sequence: 16.708
INFO 2019-01-19 22:11:48,764 duration reading sensors: 0.984
INFO 2019-01-19 22:11:48,765 reading temp: 19.5°C
INFO 2019-01-19 22:11:48,766 reading hummidity 40%
INFO 2019-01-19 22:11:48,766 prepare transaction
INFO 2019-01-19 22:11:48,770 duration prepare transactions: 0.003
INFO 2019-01-19 22:11:48,771 send transfer
INFO 2019-01-19 22:12:12,070 Duration send transfer: 23.298
INFO 2019-01-19 22:12:12,070 Duration of sequence: 24.29
